<?xml version="1.0" encoding="UTF-8"?>
<testng-results ignored="0" total="1" passed="1" failed="0" skipped="0">
  <reporter-output>
  </reporter-output>
  <suite started-at="2022-11-06T13:50:11 IST" name="Suite" finished-at="2022-11-06T13:50:38 IST" duration-ms="26752">
    <groups>
      <group name="cucumber">
        <method signature="AbstractTestNGCucumberTests.runScenario(io.cucumber.testng.PickleWrapper,io.cucumber.testng.FeatureWrapper)[pri:0, instance:runner.Runcuke@6236eb5f]" name="runScenario" class="io.cucumber.testng.AbstractTestNGCucumberTests"/>
      </group> <!-- cucumber -->
    </groups>
    <test started-at="2022-11-06T13:50:11 IST" name="Test" finished-at="2022-11-06T13:50:38 IST" duration-ms="26752">
      <class name="runner.Runcuke">
        <test-method is-config="true" signature="setUpClass(org.testng.ITestContext)[pri:0, instance:runner.Runcuke@6236eb5f]" started-at="2022-11-06T13:50:11 IST" name="setUpClass" finished-at="2022-11-06T13:50:12 IST" duration-ms="850" status="PASS">
          <params>
            <param index="0">
              <value>
                <![CDATA[org.testng.TestRunner@373e6b9d]]>
              </value>
            </param>
          </params>
          <reporter-output>
          </reporter-output>
        </test-method> <!-- setUpClass -->
        <test-method signature="runScenario(io.cucumber.testng.PickleWrapper,io.cucumber.testng.FeatureWrapper)[pri:0, instance:runner.Runcuke@6236eb5f]" started-at="2022-11-06T13:50:12 IST" name="runScenario" description="Runs Cucumber Scenarios" data-provider="scenarios" finished-at="2022-11-06T13:50:38 IST" duration-ms="25472" status="PASS">
          <params>
            <param index="0">
              <value>
                <![CDATA["Validate used Search Cars page"]]>
              </value>
            </param>
            <param index="1">
              <value>
                <![CDATA["Search Cars"]]>
              </value>
            </param>
          </params>
          <reporter-output>
          </reporter-output>
        </test-method> <!-- runScenario -->
        <test-method is-config="true" signature="tearDownClass()[pri:0, instance:runner.Runcuke@6236eb5f]" started-at="2022-11-06T13:50:38 IST" name="tearDownClass" finished-at="2022-11-06T13:50:38 IST" duration-ms="391" status="PASS">
          <reporter-output>
          </reporter-output>
        </test-method> <!-- tearDownClass -->
      </class> <!-- runner.Runcuke -->
    </test> <!-- Test -->
  </suite> <!-- Suite -->
</testng-results>
