<?xml version="1.0" encoding="UTF-8"?>
<testng-results ignored="0" total="2" passed="2" failed="0" skipped="0">
  <reporter-output>
  </reporter-output>
  <suite started-at="2022-11-06T13:51:19 IST" name="Default suite" finished-at="2022-11-06T13:52:55 IST" duration-ms="95531">
    <groups>
      <group name="cucumber">
        <method signature="AbstractTestNGCucumberTests.runScenario(io.cucumber.testng.PickleWrapper,io.cucumber.testng.FeatureWrapper)[pri:0, instance:runner.Runcuke@4efac082]" name="runScenario" class="io.cucumber.testng.AbstractTestNGCucumberTests"/>
      </group> <!-- cucumber -->
    </groups>
    <test started-at="2022-11-06T13:51:19 IST" name="Default test" finished-at="2022-11-06T13:52:55 IST" duration-ms="95531">
      <class name="runner.Runcuke">
        <test-method is-config="true" signature="setUpClass(org.testng.ITestContext)[pri:0, instance:runner.Runcuke@4efac082]" started-at="2022-11-06T13:51:19 IST" name="setUpClass" finished-at="2022-11-06T13:51:20 IST" duration-ms="792" status="PASS">
          <params>
            <param index="0">
              <value>
                <![CDATA[org.testng.TestRunner@110e9982]]>
              </value>
            </param>
          </params>
          <reporter-output>
          </reporter-output>
        </test-method> <!-- setUpClass -->
        <test-method signature="runScenario(io.cucumber.testng.PickleWrapper,io.cucumber.testng.FeatureWrapper)[pri:0, instance:runner.Runcuke@4efac082]" started-at="2022-11-06T13:51:20 IST" name="runScenario" description="Runs Cucumber Scenarios" data-provider="scenarios" finished-at="2022-11-06T13:52:31 IST" duration-ms="70806" status="PASS">
          <params>
            <param index="0">
              <value>
                <![CDATA["Validate Search Cars page"]]>
              </value>
            </param>
            <param index="1">
              <value>
                <![CDATA["Search Cars"]]>
              </value>
            </param>
          </params>
          <reporter-output>
          </reporter-output>
        </test-method> <!-- runScenario -->
        <test-method signature="runScenario(io.cucumber.testng.PickleWrapper,io.cucumber.testng.FeatureWrapper)[pri:0, instance:runner.Runcuke@4efac082]" started-at="2022-11-06T13:52:31 IST" name="runScenario" description="Runs Cucumber Scenarios" data-provider="scenarios" finished-at="2022-11-06T13:52:55 IST" duration-ms="23565" status="PASS">
          <params>
            <param index="0">
              <value>
                <![CDATA["Validate used Search Cars page"]]>
              </value>
            </param>
            <param index="1">
              <value>
                <![CDATA["Search Cars"]]>
              </value>
            </param>
          </params>
          <reporter-output>
          </reporter-output>
        </test-method> <!-- runScenario -->
        <test-method is-config="true" signature="tearDownClass()[pri:0, instance:runner.Runcuke@4efac082]" started-at="2022-11-06T13:52:55 IST" name="tearDownClass" finished-at="2022-11-06T13:52:55 IST" duration-ms="329" status="PASS">
          <reporter-output>
          </reporter-output>
        </test-method> <!-- tearDownClass -->
      </class> <!-- runner.Runcuke -->
    </test> <!-- Default test -->
  </suite> <!-- Default suite -->
</testng-results>
