<?xml version="1.0" encoding="UTF-8"?>
<testng-results ignored="0" total="2" passed="2" failed="0" skipped="0">
  <reporter-output>
  </reporter-output>
  <suite started-at="2022-11-06T16:24:02 IST" name="Default suite" finished-at="2022-11-06T16:25:40 IST" duration-ms="97978">
    <groups>
      <group name="cucumber">
        <method signature="AbstractTestNGCucumberTests.runScenario(io.cucumber.testng.PickleWrapper,io.cucumber.testng.FeatureWrapper)[pri:0, instance:runner.Runcuke@52b1beb6]" name="runScenario" class="io.cucumber.testng.AbstractTestNGCucumberTests"/>
      </group> <!-- cucumber -->
    </groups>
    <test started-at="2022-11-06T16:24:02 IST" name="Default test" finished-at="2022-11-06T16:25:40 IST" duration-ms="97978">
      <class name="runner.Runcuke">
        <test-method is-config="true" signature="setUpClass(org.testng.ITestContext)[pri:0, instance:runner.Runcuke@52b1beb6]" started-at="2022-11-06T16:24:02 IST" name="setUpClass" finished-at="2022-11-06T16:24:03 IST" duration-ms="858" status="PASS">
          <params>
            <param index="0">
              <value>
                <![CDATA[org.testng.TestRunner@7d59e968]]>
              </value>
            </param>
          </params>
          <reporter-output>
          </reporter-output>
        </test-method> <!-- setUpClass -->
        <test-method signature="runScenario(io.cucumber.testng.PickleWrapper,io.cucumber.testng.FeatureWrapper)[pri:0, instance:runner.Runcuke@52b1beb6]" started-at="2022-11-06T16:24:03 IST" name="runScenario" description="Runs Cucumber Scenarios" data-provider="scenarios" finished-at="2022-11-06T16:25:16 IST" duration-ms="72772" status="PASS">
          <params>
            <param index="0">
              <value>
                <![CDATA["Validate Search Cars page"]]>
              </value>
            </param>
            <param index="1">
              <value>
                <![CDATA["Search Cars"]]>
              </value>
            </param>
          </params>
          <reporter-output>
          </reporter-output>
        </test-method> <!-- runScenario -->
        <test-method signature="runScenario(io.cucumber.testng.PickleWrapper,io.cucumber.testng.FeatureWrapper)[pri:0, instance:runner.Runcuke@52b1beb6]" started-at="2022-11-06T16:25:16 IST" name="runScenario" description="Runs Cucumber Scenarios" data-provider="scenarios" finished-at="2022-11-06T16:25:40 IST" duration-ms="23902" status="PASS">
          <params>
            <param index="0">
              <value>
                <![CDATA["Validate used Search Cars page"]]>
              </value>
            </param>
            <param index="1">
              <value>
                <![CDATA["Search Cars"]]>
              </value>
            </param>
          </params>
          <reporter-output>
          </reporter-output>
        </test-method> <!-- runScenario -->
        <test-method is-config="true" signature="tearDownClass()[pri:0, instance:runner.Runcuke@52b1beb6]" started-at="2022-11-06T16:25:40 IST" name="tearDownClass" finished-at="2022-11-06T16:25:40 IST" duration-ms="408" status="PASS">
          <reporter-output>
          </reporter-output>
        </test-method> <!-- tearDownClass -->
      </class> <!-- runner.Runcuke -->
    </test> <!-- Default test -->
  </suite> <!-- Default suite -->
</testng-results>
